<?xml version="1.0" encoding="UTF-8"?>
<coverage generated="1713118512001" clover="3.2.0">
  <project timestamp="1713118512001" name="All files">
    <metrics statements="82" coveredstatements="74" conditionals="17" coveredconditionals="16" methods="5" coveredmethods="4" elements="104" coveredelements="94" complexity="0" loc="82" ncloc="82" packages="1" files="3" classes="3"/>
    <file name="calculator.jsx" path="D:\workspace\tdd\src\calculator.jsx">
      <metrics statements="48" coveredstatements="48" conditionals="7" coveredconditionals="7" methods="3" coveredmethods="3"/>
      <line num="1" count="1" type="stmt"/>
      <line num="2" count="1" type="stmt"/>
      <line num="3" count="1" type="stmt"/>
      <line num="4" count="1" type="stmt"/>
      <line num="5" count="1" type="stmt"/>
      <line num="6" count="1" type="stmt"/>
      <line num="7" count="1" type="stmt"/>
      <line num="8" count="1" type="stmt"/>
      <line num="9" count="1" type="stmt"/>
      <line num="10" count="1" type="stmt"/>
      <line num="11" count="1" type="stmt"/>
      <line num="12" count="1" type="stmt"/>
      <line num="13" count="1" type="stmt"/>
      <line num="14" count="1" type="cond" truecount="1" falsecount="0"/>
      <line num="15" count="22" type="stmt"/>
      <line num="16" count="22" type="stmt"/>
      <line num="17" count="22" type="cond" truecount="2" falsecount="0"/>
      <line num="18" count="22" type="stmt"/>
      <line num="19" count="22" type="stmt"/>
      <line num="20" count="22" type="stmt"/>
      <line num="21" count="22" type="stmt"/>
      <line num="22" count="22" type="stmt"/>
      <line num="23" count="22" type="stmt"/>
      <line num="24" count="22" type="cond" truecount="1" falsecount="0"/>
      <line num="25" count="88" type="stmt"/>
      <line num="26" count="88" type="cond" truecount="1" falsecount="0"/>
      <line num="27" count="220" type="stmt"/>
      <line num="28" count="220" type="stmt"/>
      <line num="29" count="220" type="stmt"/>
      <line num="30" count="220" type="stmt"/>
      <line num="31" count="220" type="stmt"/>
      <line num="32" count="220" type="stmt"/>
      <line num="33" count="88" type="stmt"/>
      <line num="34" count="88" type="stmt"/>
      <line num="35" count="22" type="stmt"/>
      <line num="36" count="22" type="stmt"/>
      <line num="37" count="22" type="cond" truecount="1" falsecount="0"/>
      <line num="38" count="88" type="stmt"/>
      <line num="39" count="88" type="stmt"/>
      <line num="40" count="88" type="stmt"/>
      <line num="41" count="88" type="stmt"/>
      <line num="42" count="88" type="stmt"/>
      <line num="43" count="88" type="stmt"/>
      <line num="44" count="22" type="stmt"/>
      <line num="45" count="22" type="cond" truecount="1" falsecount="0"/>
      <line num="46" count="22" type="stmt"/>
      <line num="47" count="22" type="stmt"/>
      <line num="48" count="22" type="stmt"/>
    </file>
    <file name="fizzbuzz.js" path="D:\workspace\tdd\src\fizzbuzz.js">
      <metrics statements="26" coveredstatements="26" conditionals="9" coveredconditionals="9" methods="1" coveredmethods="1"/>
      <line num="1" count="1" type="stmt"/>
      <line num="2" count="1" type="stmt"/>
      <line num="3" count="1" type="stmt"/>
      <line num="4" count="1" type="stmt"/>
      <line num="5" count="1" type="stmt"/>
      <line num="6" count="1" type="stmt"/>
      <line num="7" count="1" type="stmt"/>
      <line num="8" count="1" type="stmt"/>
      <line num="9" count="1" type="cond" truecount="1" falsecount="0"/>
      <line num="10" count="14" type="cond" truecount="1" falsecount="0"/>
      <line num="11" count="14" type="cond" truecount="2" falsecount="0"/>
      <line num="12" count="12" type="cond" truecount="1" falsecount="0"/>
      <line num="13" count="12" type="stmt"/>
      <line num="14" count="12" type="stmt"/>
      <line num="15" count="12" type="stmt"/>
      <line num="16" count="12" type="stmt"/>
      <line num="17" count="12" type="stmt"/>
      <line num="18" count="12" type="stmt"/>
      <line num="19" count="12" type="stmt"/>
      <line num="20" count="12" type="stmt"/>
      <line num="21" count="12" type="cond" truecount="1" falsecount="0"/>
      <line num="22" count="36" type="cond" truecount="1" falsecount="0"/>
      <line num="23" count="12" type="stmt"/>
      <line num="24" count="12" type="stmt"/>
      <line num="25" count="14" type="cond" truecount="2" falsecount="0"/>
      <line num="26" count="14" type="stmt"/>
    </file>
    <file name="main.jsx" path="D:\workspace\tdd\src\main.jsx">
      <metrics statements="8" coveredstatements="0" conditionals="1" coveredconditionals="0" methods="1" coveredmethods="0"/>
      <line num="1" count="0" type="cond" truecount="0" falsecount="1"/>
      <line num="2" count="0" type="stmt"/>
      <line num="3" count="0" type="stmt"/>
      <line num="4" count="0" type="stmt"/>
      <line num="5" count="0" type="stmt"/>
      <line num="6" count="0" type="stmt"/>
      <line num="7" count="0" type="stmt"/>
      <line num="8" count="0" type="stmt"/>
    </file>
  </project>
</coverage>
